SF:lib/color_tap_game.dart
DA:8,0
DA:10,0
DA:13,0
DA:16,0
DA:17,0
DA:18,0
LF:6
LH:0
end_of_record
SF:lib/color_tap_world.dart
DA:35,0
DA:37,0
DA:39,0
DA:41,0
DA:44,0
DA:46,0
DA:48,0
DA:49,0
DA:51,0
DA:53,0
DA:54,0
DA:58,0
DA:59,0
DA:60,0
DA:61,0
DA:62,0
DA:63,0
DA:69,0
DA:73,0
DA:74,0
DA:76,0
DA:78,0
DA:79,0
DA:81,0
DA:84,0
DA:87,0
DA:90,0
DA:91,0
DA:93,0
DA:94,0
DA:97,0
DA:98,0
DA:99,0
DA:101,0
DA:102,0
DA:103,0
DA:104,0
DA:105,0
DA:106,0
DA:108,0
DA:111,0
DA:112,0
DA:113,0
DA:114,0
DA:119,0
DA:120,0
LF:46
LH:0
end_of_record
SF:lib/components/target.dart
DA:31,0
DA:33,1
DA:35,1
DA:41,1
DA:43,3
DA:44,2
DA:45,1
DA:48,0
DA:50,0
DA:54,0
DA:55,0
DA:56,0
DA:58,0
DA:62,0
DA:64,0
DA:67,0
DA:68,0
DA:72,0
DA:73,0
DA:77,0
DA:78,0
DA:79,0
DA:80,0
DA:83,0
DA:86,0
DA:88,0
DA:89,0
DA:90,0
DA:91,0
DA:92,0
DA:93,0
DA:94,0
DA:95,0
DA:96,0
DA:98,0
DA:99,0
DA:100,0
DA:101,0
DA:104,0
DA:105,0
DA:106,0
DA:109,0
DA:110,0
DA:111,0
DA:112,0
DA:113,0
DA:120,0
DA:121,0
DA:122,0
DA:123,0
DA:126,0
LF:51
LH:6
end_of_record
SF:lib/components/target_board.dart
DA:16,1
DA:22,1
DA:24,4
DA:25,1
DA:26,1
DA:27,1
DA:30,0
DA:32,0
DA:38,0
DA:41,0
DA:42,0
DA:43,0
DA:45,0
DA:49,0
DA:50,0
DA:51,0
DA:54,1
DA:55,7
DA:58,0
DA:59,0
DA:60,0
DA:64,1
DA:65,2
DA:66,1
DA:68,3
DA:69,3
DA:72,5
DA:73,5
DA:75,2
DA:76,2
DA:77,3
DA:78,1
DA:79,6
DA:80,4
DA:82,1
DA:88,2
LF:36
LH:23
end_of_record
SF:lib/target_color.dart
DA:7,1
DA:10,1
DA:22,0
DA:24,4
DA:29,1
DA:31,1
DA:33,3
DA:35,0
DA:37,0
DA:39,0
DA:40,0
LF:11
LH:6
end_of_record
SF:lib/components/scoreboard.dart
DA:37,0
DA:39,0
DA:41,0
DA:43,0
DA:44,0
DA:45,0
DA:47,0
DA:48,0
DA:49,0
DA:50,0
DA:51,0
DA:52,0
DA:53,0
DA:56,0
DA:58,0
DA:61,0
DA:63,0
DA:64,0
DA:67,0
DA:68,0
DA:69,0
LF:21
LH:0
end_of_record
SF:lib/utils/overlay_utils.dart
DA:8,0
DA:9,0
DA:11,0
DA:12,0
LF:4
LH:0
end_of_record
SF:lib/utils/dimens.dart
DA:7,0
DA:8,0
DA:9,0
DA:10,0
LF:4
LH:0
end_of_record
SF:lib/utils/target_utils.dart
DA:14,1
DA:15,4
DA:16,1
DA:18,0
DA:19,0
DA:21,1
DA:22,4
LF:7
LH:5
end_of_record
SF:lib/overlays/menu.dart
DA:16,0
DA:24,0
DA:32,0
DA:34,0
DA:35,0
DA:36,0
DA:37,0
DA:39,0
DA:40,0
DA:41,0
DA:42,0
DA:49,0
DA:50,0
DA:51,0
DA:59,0
DA:60,0
DA:61,0
DA:64,0
DA:65,0
DA:73,0
DA:74,0
DA:75,0
DA:76,0
LF:23
LH:0
end_of_record
