SF:lib/managers/lives_manager.dart
DA:7,6
DA:9,12
DA:11,5
DA:14,1
DA:15,1
DA:17,1
DA:21,3
DA:23,3
DA:25,3
DA:27,1
DA:28,4
DA:29,2
DA:32,1
DA:33,2
DA:34,2
LF:15
LH:15
end_of_record
SF:lib/managers/preference_manager.dart
DA:5,2
DA:7,4
DA:9,5
DA:12,1
DA:13,1
DA:15,1
DA:22,1
DA:23,2
DA:26,3
DA:28,3
DA:30,3
LF:11
LH:11
end_of_record
SF:lib/color_tap_game.dart
DA:8,2
DA:12,2
DA:15,2
DA:18,8
DA:19,12
DA:20,12
LF:6
LH:6
end_of_record
SF:lib/color_tap_world.dart
DA:27,2
DA:31,4
DA:35,4
DA:44,2
DA:48,2
DA:50,6
DA:51,6
DA:53,4
DA:55,2
DA:56,2
DA:64,4
DA:66,2
DA:67,2
DA:69,4
DA:71,2
DA:72,2
DA:76,1
DA:80,6
DA:81,2
DA:83,3
DA:85,3
DA:86,1
DA:89,2
DA:90,3
DA:93,1
DA:96,1
DA:97,1
DA:99,2
DA:100,1
DA:101,2
DA:103,5
DA:106,1
DA:107,3
DA:108,3
DA:110,1
DA:111,3
DA:112,1
DA:113,1
DA:114,1
DA:115,1
DA:117,4
DA:120,1
DA:121,2
DA:123,1
DA:124,4
DA:126,1
DA:127,2
DA:129,2
LF:48
LH:48
end_of_record
SF:lib/components/target.dart
DA:29,2
DA:31,4
DA:33,4
DA:39,4
DA:41,12
DA:42,4
DA:45,1
DA:47,3
DA:51,4
DA:52,1
DA:53,1
DA:55,1
DA:59,3
DA:61,27
DA:66,1
DA:70,6
DA:74,7
DA:75,3
DA:79,1
DA:80,2
DA:81,1
DA:82,1
DA:85,2
DA:88,2
DA:90,4
DA:91,2
DA:92,4
DA:93,2
DA:94,2
DA:95,2
DA:96,2
DA:97,2
DA:98,2
DA:100,1
DA:101,1
DA:102,3
DA:103,2
DA:106,2
DA:107,6
DA:108,4
DA:111,3
DA:112,3
DA:113,2
DA:114,1
DA:115,1
DA:119,3
DA:120,3
DA:121,6
DA:122,9
DA:125,4
LF:50
LH:50
end_of_record
SF:lib/components/target_board.dart
DA:16,3
DA:22,3
DA:24,12
DA:25,3
DA:26,3
DA:27,3
DA:30,3
DA:32,6
DA:38,5
DA:41,3
DA:42,8
DA:43,1
DA:45,5
DA:49,2
DA:50,2
DA:51,2
DA:54,3
DA:55,21
DA:58,2
DA:59,4
DA:60,2
DA:64,3
DA:65,6
DA:66,3
DA:68,9
DA:69,9
DA:72,15
DA:73,15
DA:75,6
DA:76,6
DA:77,9
DA:78,3
DA:79,18
DA:80,18
DA:82,3
DA:88,6
LF:36
LH:36
end_of_record
SF:lib/managers/time_manager.dart
DA:4,2
DA:6,4
DA:8,5
DA:11,0
DA:12,0
DA:14,0
DA:16,0
LF:7
LH:3
end_of_record
SF:lib/target_color.dart
DA:7,6
DA:10,6
DA:21,4
DA:23,24
DA:28,6
DA:30,6
DA:32,12
DA:34,9
DA:36,3
DA:38,18
DA:40,0
DA:41,0
LF:12
LH:10
end_of_record
SF:lib/color_tap_game_widget.dart
DA:10,2
DA:12,2
DA:14,2
DA:15,2
LF:4
LH:4
end_of_record
SF:lib/utils/overlay_utils.dart
DA:10,2
DA:11,2
DA:13,1
DA:14,1
DA:16,2
DA:17,2
LF:6
LH:6
end_of_record
SF:lib/effects/target_board_rewind_effect.dart
DA:11,1
DA:14,1
DA:15,5
DA:16,1
LF:4
LH:4
end_of_record
SF:lib/utils/target_utils.dart
DA:21,2
DA:22,2
DA:24,5
DA:25,20
DA:26,5
DA:28,4
DA:29,16
DA:31,5
DA:32,20
LF:9
LH:9
end_of_record
SF:lib/overlays/menu.dart
DA:14,3
DA:20,2
DA:26,3
DA:27,3
DA:34,3
DA:36,3
DA:38,3
DA:39,3
DA:41,3
DA:43,3
DA:44,3
DA:45,3
DA:47,3
DA:48,3
DA:56,3
DA:57,3
DA:58,6
DA:67,3
DA:71,3
DA:72,6
DA:73,3
DA:76,2
DA:77,10
DA:85,3
DA:86,3
DA:88,11
DA:89,9
DA:93,3
DA:94,3
DA:95,1
DA:96,2
DA:97,2
LF:32
LH:32
end_of_record
SF:lib/widgets/remaining_lives.dart
DA:13,21
DA:17,5
DA:19,5
DA:21,5
DA:22,5
DA:25,5
DA:26,0
DA:30,5
DA:31,10
DA:32,5
DA:33,5
DA:34,15
LF:12
LH:11
end_of_record
SF:lib/overlays/scoreboard.dart
DA:14,3
DA:16,3
DA:17,3
DA:32,9
DA:34,3
DA:35,21
DA:37,3
DA:39,3
DA:41,15
DA:42,9
DA:44,9
DA:45,6
DA:48,3
DA:50,9
DA:51,3
DA:54,3
DA:56,3
DA:58,3
DA:59,3
DA:60,3
DA:65,3
DA:66,3
DA:67,9
DA:68,3
DA:79,6
DA:80,3
DA:82,3
DA:87,3
DA:94,3
DA:95,3
DA:96,9
DA:99,3
DA:100,3
DA:101,3
DA:102,3
DA:104,12
DA:105,3
DA:110,3
DA:111,3
DA:112,12
DA:124,3
DA:125,3
DA:127,3
DA:128,9
DA:133,1
DA:134,6
DA:135,2
DA:141,6
LF:48
LH:48
end_of_record
